Vertex 13 gets message 2147483647
Vertex 34 gets message 2147483647
Vertex 34 returns 34
Vertex 13 returns 13
Vertex 52 gets message 2147483647
Vertex 52 returns 52
Vertex 39 gets message 2147483647
Vertex 39 returns 39
Vertex 96 gets message 2147483647
Vertex 96 returns 96
Vertex 19 gets message 2147483647
Vertex 19 returns 19
Vertex 81 gets message 2147483647
Vertex 81 returns 81
Vertex 71 gets message 2147483647
Vertex 71 returns 71
Vertex 55 gets message 2147483647
Vertex 55 returns 55
Vertex 4 gets message 2147483647
Vertex 29 gets message 2147483647
Vertex 29 returns 29
Vertex 79 gets message 2147483647
Vertex 79 returns 79
Vertex 65 gets message 2147483647
Vertex 65 returns 65
Vertex 4 returns 4
Vertex 16 gets message 2147483647
Vertex 16 returns 16
Vertex 11 gets message 2147483647
Vertex 82 gets message 2147483647
Vertex 82 returns 82
Vertex 66 gets message 2147483647
Vertex 66 returns 66
Vertex 54 gets message 2147483647
Vertex 54 returns 54
Vertex 80 gets message 2147483647
Vertex 80 returns 80
Vertex 98 gets message 2147483647
Vertex 98 returns 98
Vertex 28 gets message 2147483647
Vertex 28 returns 28
Vertex 30 gets message 2147483647
Vertex 30 returns 30
Vertex 14 gets message 2147483647
Vertex 14 returns 14
Vertex 50 gets message 2147483647
Vertex 50 returns 50
Vertex 11 returns 11
Vertex 36 gets message 2147483647
Vertex 36 returns 36
Vertex 92 gets message 2147483647
Vertex 92 returns 92
Vertex 64 gets message 2147483647
Vertex 64 returns 64
Vertex 24 gets message 2147483647
Vertex 24 returns 24
Vertex 74 gets message 2147483647
Vertex 74 returns 74
Vertex 90 gets message 2147483647
Vertex 90 returns 90
Vertex 72 gets message 2147483647
Vertex 72 returns 72
Vertex 35 gets message 2147483647
Vertex 35 returns 35
Vertex 57 gets message 2147483647
Vertex 57 returns 57
Vertex 51 gets message 2147483647
Vertex 51 returns 51
Vertex 75 gets message 2147483647
Vertex 75 returns 75
Vertex 70 gets message 2147483647
Vertex 70 returns 70
Vertex 37 gets message 2147483647
Vertex 37 returns 37
Vertex 45 gets message 2147483647
Vertex 45 returns 45
Vertex 1 gets message 2147483647
Vertex 1 returns 1
Vertex 63 gets message 2147483647
Vertex 63 returns 63
Vertex 83 gets message 2147483647
Vertex 83 returns 83
Vertex 17 gets message 2147483647
Vertex 17 returns 17
Vertex 89 gets message 2147483647
Vertex 89 returns 89
Vertex 9 gets message 2147483647
Vertex 9 returns 9
Vertex 18 gets message 2147483647
Vertex 18 returns 18
Vertex 12 gets message 2147483647
Vertex 12 returns 12
Vertex 49 gets message 2147483647
Vertex 49 returns 49
Vertex 38 gets message 2147483647
Vertex 38 returns 38
Vertex 43 gets message 2147483647
Vertex 43 returns 43
Vertex 99 gets message 2147483647
Vertex 99 returns 99
Vertex 41 gets message 2147483647
Vertex 41 returns 41
Vertex 61 gets message 2147483647
Vertex 61 returns 61
Vertex 15 gets message 2147483647
Vertex 15 returns 15
Vertex 20 gets message 2147483647
Vertex 20 returns 20
Vertex 47 gets message 2147483647
Vertex 47 returns 47
Vertex 21 gets message 2147483647
Vertex 21 returns 21
Vertex 77 gets message 2147483647
Vertex 77 returns 77
Vertex 53 gets message 2147483647
Vertex 53 returns 53
Vertex 97 gets message 2147483647
Vertex 97 returns 97
Vertex 25 gets message 2147483647
Vertex 25 returns 25
Vertex 95 gets message 2147483647
Vertex 78 gets message 2147483647
Vertex 78 returns 78
Vertex 95 returns 95
Vertex 59 gets message 2147483647
Vertex 59 returns 59
Vertex 10 gets message 2147483647
Vertex 73 gets message 2147483647
Vertex 73 returns 73
Vertex 10 returns 10
Vertex 94 gets message 2147483647
Vertex 94 returns 94
Vertex 84 gets message 2147483647
Vertex 84 returns 84
Vertex 56 gets message 2147483647
Vertex 56 returns 56
Vertex 76 gets message 2147483647
Vertex 76 returns 76
Vertex 22 gets message 2147483647
Vertex 22 returns 22
Vertex 46 gets message 2147483647
Vertex 46 returns 46
Vertex 48 gets message 2147483647
Vertex 48 returns 48
Vertex 32 gets message 2147483647
Vertex 32 returns 32
Vertex 0 gets message 2147483647
Vertex 0 returns 0
Vertex 27 gets message 2147483647
Vertex 27 returns 27
Vertex 93 gets message 2147483647
Vertex 93 returns 93
Vertex 33 gets message 2147483647
Vertex 33 returns 33
Vertex 62 gets message 2147483647
Vertex 62 returns 62
Vertex 23 gets message 2147483647
Vertex 23 returns 23
Vertex 42 gets message 2147483647
Vertex 42 returns 42
Vertex 40 gets message 2147483647
Vertex 40 returns 40
Vertex 6 gets message 2147483647
Vertex 6 returns 6
Vertex 8 gets message 2147483647
Vertex 8 returns 8
Vertex 86 gets message 2147483647
Vertex 86 returns 86
Vertex 67 gets message 2147483647
Vertex 67 returns 67
Vertex 58 gets message 2147483647
Vertex 58 returns 58
Vertex 60 gets message 2147483647
Vertex 60 returns 60
Vertex 88 gets message 2147483647
Vertex 88 returns 88
Vertex 44 gets message 2147483647
Vertex 69 gets message 2147483647
Vertex 44 returns 44
Vertex 26 gets message 2147483647
Vertex 26 returns 26
Vertex 69 returns 69
Vertex 3 gets message 2147483647
Vertex 3 returns 3
Vertex 68 gets message 2147483647
Vertex 68 returns 68
Vertex 2 gets message 2147483647
Vertex 2 returns 2
Vertex 7 gets message 2147483647
Vertex 7 returns 7
Vertex 85 gets message 2147483647
Vertex 85 returns 85
Vertex 91 gets message 2147483647
Vertex 91 returns 91
Vertex 31 gets message 2147483647
Vertex 31 returns 31
Vertex 87 gets message 2147483647
Vertex 87 returns 87
Vertex 5 gets message 2147483647
Vertex 5 returns 5
Vertex 0 sends to 18 value = 0
Vertex 1 sends to 40 value = 1
Vertex 2 sends to 39 value = 2
Vertex 3 sends to 17 value = 3
Vertex 4 sends to 42 value = 4
Vertex 6 does not send anything to 6
Vertex 5 sends to 19 value = 5
Vertex 7 does not send anything to 6
Vertex 9 sends to 16 value = 9
Vertex 8 sends to 36 value = 8
Vertex 10 does not send anything to 5
Vertex 14 sends to 19 value = 14
Vertex 11 does not send anything to 7
Vertex 12 does not send anything to 5
Vertex 13 does not send anything to 6
Vertex 16 does not send anything to 5
Vertex 17 does not send anything to 8
Vertex 23 does not send anything to 14
Vertex 15 sends to 43 value = 15
Vertex 25 does not send anything to 12
Vertex 18 sends to 23 value = 18
Vertex 27 does not send anything to 11
Vertex 19 sends to 50 value = 19
Vertex 29 does not send anything to 12
Vertex 20 sends to 21 value = 20
Vertex 30 does not send anything to 4
Vertex 21 sends to 50 value = 21
Vertex 31 does not send anything to 9
Vertex 22 sends to 33 value = 22
Vertex 32 does not send anything to 11
Vertex 33 does not send anything to 4
Vertex 34 does not send anything to 10
Vertex 36 does not send anything to 9
Vertex 40 does not send anything to 11
Vertex 46 does not send anything to 10
Vertex 47 does not send anything to 4
Vertex 50 does not send anything to 8
Vertex 51 does not send anything to 5
Vertex 52 does not send anything to 9
Vertex 24 sends to 25 value = 24
Vertex 53 does not send anything to 4
Vertex 54 does not send anything to 13
Vertex 56 does not send anything to 7
Vertex 57 does not send anything to 5
Vertex 58 does not send anything to 16
Vertex 60 does not send anything to 14
Vertex 64 does not send anything to 6
Vertex 70 does not send anything to 17
Vertex 26 sends to 29 value = 26
Vertex 71 does not send anything to 5
Vertex 28 sends to 31 value = 28
Vertex 72 does not send anything to 10
Vertex 35 does not send anything to 27
Vertex 74 does not send anything to 14
Vertex 37 does not send anything to 25
Vertex 75 does not send anything to 5
Vertex 38 sends to 60 value = 38
Vertex 76 does not send anything to 15
Vertex 39 does not send anything to 29
Vertex 77 does not send anything to 5
Vertex 41 does not send anything to 29
Vertex 78 does not send anything to 7
Vertex 42 sends to 67 value = 42
Vertex 80 does not send anything to 12
Vertex 43 does not send anything to 25
Vertex 81 does not send anything to 5
Vertex 44 does not send anything to 30
Vertex 82 does not send anything to 9
Vertex 45 does not send anything to 27
Vertex 84 does not send anything to 8
Vertex 48 does not send anything to 31
Vertex 88 does not send anything to 11
Vertex 49 does not send anything to 23
Vertex 90 does not send anything to 1
Vertex 55 does not send anything to 31
Vertex 59 does not send anything to 37
Vertex 61 does not send anything to 34
Vertex 94 does not send anything to 11
Vertex 62 does not send anything to 47
Vertex 95 does not send anything to 4
Vertex 97 does not send anything to 10
Vertex 98 does not send anything to 4
Vertex 99 does not send anything to 12
Vertex 63 does not send anything to 21
Vertex 65 does not send anything to 20
Vertex 66 does not send anything to 45
Vertex 67 does not send anything to 36
Vertex 68 does not send anything to 40
Vertex 69 does not send anything to 38
Vertex 73 does not send anything to 33
Vertex 79 does not send anything to 22
Vertex 83 does not send anything to 26
Vertex 85 does not send anything to 24
Vertex 86 does not send anything to 76
Vertex 87 does not send anything to 30
Vertex 89 does not send anything to 28
Vertex 91 does not send anything to 26
Vertex 92 sends to 98 value = 92
Vertex 93 does not send anything to 28
Vertex 96 does not send anything to 26
Vertex 16 gets message 9
Vertex 39 gets message 2
Vertex 39 returns 2
Vertex 19 gets message 5
Vertex 19 returns 5
Vertex 16 returns 9
Vertex 29 gets message 26
Vertex 29 returns 26
Vertex 98 gets message 92
Vertex 98 returns 92
Vertex 17 gets message 3
Vertex 17 returns 3
Vertex 50 gets message 19
Vertex 43 gets message 15
Vertex 43 returns 15
Vertex 50 returns 19
Vertex 21 gets message 20
Vertex 21 returns 20
Vertex 36 gets message 8
Vertex 25 gets message 24
Vertex 25 returns 24
Vertex 36 returns 8
Vertex 33 gets message 22
Vertex 18 gets message 0
Vertex 18 returns 0
Vertex 33 returns 22
Vertex 42 gets message 4
Vertex 23 gets message 18
Vertex 23 returns 18
Vertex 42 returns 4
Vertex 67 gets message 42
Vertex 67 returns 42
Vertex 40 gets message 1
Vertex 31 gets message 28
Vertex 31 returns 28
Vertex 40 returns 1
Vertex 60 gets message 38
Vertex 60 returns 38
Vertex 19 sends to 50 value = 5
Vertex 39 sends to 29 value = 2
Vertex 18 sends to 23 value = 0
Vertex 43 sends to 25 value = 15
Vertex 21 does not send anything to 50
Vertex 42 sends to 67 value = 4
Vertex 67 does not send anything to 36
Vertex 16 does not send anything to 5
Vertex 29 does not send anything to 12
Vertex 98 does not send anything to 4
Vertex 50 does not send anything to 8
Vertex 36 sends to 9 value = 8
Vertex 17 sends to 8 value = 3
Vertex 25 does not send anything to 12
Vertex 33 does not send anything to 4
Vertex 23 does not send anything to 14
Vertex 40 sends to 11 value = 1
Vertex 60 does not send anything to 14
Vertex 31 does not send anything to 9
Vertex 50 gets message 5
Vertex 50 returns 5
Vertex 8 gets message 3
Vertex 8 returns 3
Vertex 29 gets message 2
Vertex 29 returns 2
Vertex 11 gets message 1
Vertex 11 returns 1
Vertex 9 gets message 8
Vertex 9 returns 8
Vertex 25 gets message 15
Vertex 25 returns 15
Vertex 23 gets message 0
Vertex 23 returns 0
Vertex 67 gets message 4
Vertex 67 returns 4
Vertex 29 sends to 12 value = 2
Vertex 11 sends to 7 value = 1
Vertex 50 does not send anything to 8
Vertex 67 sends to 36 value = 4
Vertex 8 sends to 36 value = 3
Vertex 9 sends to 16 value = 8
Vertex 25 does not send anything to 12
Vertex 23 sends to 14 value = 0
Vertex 16 gets message 8
Vertex 16 returns 8
Vertex 14 gets message 0
Vertex 14 returns 0
Vertex 36 gets message 3
Vertex 36 returns 3
Vertex 12 gets message 2
Vertex 12 returns 2
Vertex 7 gets message 1
Vertex 7 returns 1
Vertex 16 does not send anything to 5
Vertex 36 sends to 9 value = 3
Vertex 12 sends to 5 value = 2
Vertex 7 sends to 6 value = 1
Vertex 14 sends to 19 value = 0
Vertex 19 gets message 0
Vertex 19 returns 0
Vertex 9 gets message 3
Vertex 9 returns 3
Vertex 5 gets message 2
Vertex 5 returns 2
Vertex 6 gets message 1
Vertex 6 returns 1
Vertex 19 sends to 50 value = 0
Vertex 9 sends to 16 value = 3
Vertex 5 does not send anything to 19
Vertex 6 does not send anything to 6
Vertex 16 gets message 3
Vertex 16 returns 3
Vertex 50 gets message 0
Vertex 50 returns 0
Vertex 16 does not send anything to 5
Vertex 50 sends to 8 value = 0
Vertex 8 gets message 0
Vertex 8 returns 0
Vertex 8 sends to 36 value = 0
Vertex 36 gets message 0
Vertex 36 returns 0
Vertex 36 sends to 9 value = 0
Vertex 9 gets message 0
Vertex 9 returns 0
Vertex 9 sends to 16 value = 0
Vertex 16 gets message 0
Vertex 16 returns 0
Vertex 16 sends to 5 value = 0
Vertex 5 gets message 0
Vertex 5 returns 0
Vertex 5 does not send anything to 19
16 = 0
14 = 0
50 = 0
36 = 0
18 = 0
0 = 0
8 = 0
19 = 0
9 = 0
23 = 0
5 = 0
40 = 1
6 = 1
11 = 1
1 = 1
7 = 1
12 = 2
2 = 2
39 = 2
29 = 2
17 = 3
3 = 3
4 = 4
42 = 4
67 = 4
10 = 10
13 = 13
43 = 15
15 = 15
25 = 15
20 = 20
21 = 20
22 = 22
33 = 22
24 = 24
26 = 26
27 = 27
28 = 28
31 = 28
30 = 30
32 = 32
34 = 34
35 = 35
37 = 37
38 = 38
60 = 38
41 = 41
44 = 44
45 = 45
46 = 46
47 = 47
48 = 48
49 = 49
51 = 51
52 = 52
53 = 53
54 = 54
55 = 55
56 = 56
57 = 57
58 = 58
59 = 59
61 = 61
62 = 62
63 = 63
64 = 64
65 = 65
66 = 66
68 = 68
69 = 69
70 = 70
71 = 71
72 = 72
73 = 73
74 = 74
75 = 75
76 = 76
77 = 77
78 = 78
79 = 79
80 = 80
81 = 81
82 = 82
83 = 83
84 = 84
85 = 85
86 = 86
87 = 87
88 = 88
89 = 89
90 = 90
91 = 91
98 = 92
92 = 92
93 = 93
94 = 94
95 = 95
96 = 96
97 = 97
99 = 99
Elapsed time: 1898ms
