Vertex 1 gets message 2147483647
Vertex 1 returns 1
Vertex 3 gets message 2147483647
Vertex 3 returns 3
Vertex 7 gets message 2147483647
Vertex 7 returns 7
Vertex 9 gets message 2147483647
Vertex 9 returns 9
Vertex 5 gets message 2147483647
Vertex 5 returns 5
Vertex 4 gets message 2147483647
Vertex 4 returns 4
Vertex 0 gets message 2147483647
Vertex 0 returns 0
Vertex 6 gets message 2147483647
Vertex 6 returns 6
Vertex 8 gets message 2147483647
Vertex 8 returns 8
Vertex 2 gets message 2147483647
Vertex 2 returns 2
Vertex 0 sends to 9 value = 0
Vertex 1 sends to 2 value = 1
Vertex 2 sends to 9 value = 2
Vertex 3 sends to 6 value = 3
Vertex 7 does not send anything to 6
Vertex 4 does not send anything to 3
Vertex 8 does not send anything to 8
Vertex 5 does not send anything to 5
Vertex 6 does not send anything to 1
Vertex 9 does not send anything to 1
Vertex 6 gets message 3
Vertex 6 returns 3
Vertex 2 gets message 1
Vertex 2 returns 1
Vertex 9 gets message 0
Vertex 9 returns 0
Vertex 2 does not send anything to 9
Vertex 6 does not send anything to 1
Vertex 9 sends to 1 value = 0
Vertex 1 gets message 0
Vertex 1 returns 0
Vertex 1 sends to 2 value = 0
Vertex 2 gets message 0
Vertex 2 returns 0
Vertex 2 does not send anything to 9
0 = 0
2 = 0
1 = 0
9 = 0
6 = 3
3 = 3
4 = 4
5 = 5
7 = 7
8 = 8
Elapsed time: 1357ms
